0 info it worked if it ends with ok
1 verbose cli [ '/usr/bin/nodejs', '/usr/bin/npm', 'start' ]
2 info using npm@3.10.10
3 info using node@v6.11.1
4 verbose run-script [ 'prestart', 'start', 'poststart' ]
5 info lifecycle advanced_calculator@0.0.1~prestart: advanced_calculator@0.0.1
6 silly lifecycle advanced_calculator@0.0.1~prestart: no script for prestart, continuing
7 info lifecycle advanced_calculator@0.0.1~start: advanced_calculator@0.0.1
8 verbose lifecycle advanced_calculator@0.0.1~start: unsafe-perm in lifecycle true
9 verbose lifecycle advanced_calculator@0.0.1~start: PATH: /usr/lib/node_modules/npm/bin/node-gyp-bin:/home/ztap/PHASE 1/day 4/advanced-calculator/node_modules/.bin:/home/ztap/bin:/home/ztap/.local/bin:/usr/local/sbin:/usr/local/bin:/usr/sbin:/usr/bin:/sbin:/bin:/usr/games:/usr/local/games:/snap/bin
10 verbose lifecycle advanced_calculator@0.0.1~start: CWD: /home/ztap/PHASE 1/day 4/advanced-calculator
11 silly lifecycle advanced_calculator@0.0.1~start: Args: [ '-c', 'babel-node main.js' ]
12 info lifecycle advanced_calculator@0.0.1~start: Failed to exec start script
13 verbose stack Error: advanced_calculator@0.0.1 start: `babel-node main.js`
13 verbose stack spawn ENOENT
13 verbose stack     at ChildProcess.<anonymous> (/usr/lib/node_modules/npm/lib/utils/spawn.js:33:16)
13 verbose stack     at emitTwo (events.js:106:13)
13 verbose stack     at ChildProcess.emit (events.js:191:7)
13 verbose stack     at maybeClose (internal/child_process.js:891:16)
13 verbose stack     at Process.ChildProcess._handle.onexit (internal/child_process.js:226:5)
14 verbose pkgid advanced_calculator@0.0.1
15 verbose cwd /home/ztap/PHASE 1/day 4/advanced-calculator
16 error Linux 4.4.0-87-generic
17 error argv "/usr/bin/nodejs" "/usr/bin/npm" "start"
18 error node v6.11.1
19 error npm  v3.10.10
20 error file sh
21 error code ELIFECYCLE
22 error errno ENOENT
23 error syscall spawn
24 error advanced_calculator@0.0.1 start: `babel-node main.js`
24 error spawn ENOENT
25 error Failed at the advanced_calculator@0.0.1 start script 'babel-node main.js'.
25 error Make sure you have the latest version of node.js and npm installed.
25 error If you do, this is most likely a problem with the advanced_calculator package,
25 error not with npm itself.
25 error Tell the author that this fails on your system:
25 error     babel-node main.js
25 error You can get information on how to open an issue for this project with:
25 error     npm bugs advanced_calculator
25 error Or if that isn't available, you can get their info via:
25 error     npm owner ls advanced_calculator
25 error There is likely additional logging output above.
26 verbose exit [ 1, true ]
